# JRE version: Java(TM) SE Runtime Environment (8.0_92-b14) (build 1.8.0_92-b14)
# Java VM: Java HotSpot(TM) 64-Bit Server VM (25.92-b14 mixed mode windows-amd64 compressed oops)
Heap:
 PSYoungGen      total 545280K, used 115058K [0x000000076b500000, 0x00000007af700000, 0x00000007c0000000)
  eden space 503808K, 14% used [0x000000076b500000,0x000000076fce0040,0x000000078a100000)
  from space 41472K, 99% used [0x000000078a100000,0x000000078c97cb50,0x000000078c980000)
  to   space 54272K, 0% used [0x00000007ac200000,0x00000007ac200000,0x00000007af700000)
 ParOldGen       total 175104K, used 55985K [0x00000006c1e00000, 0x00000006cc900000, 0x000000076b500000)
  object space 175104K, 31% used [0x00000006c1e00000,0x00000006c54ac498,0x00000006cc900000)
 Metaspace       used 20777K, capacity 21172K, committed 21248K, reserved 1069056K
  class space    used 2375K, capacity 2488K, committed 2560K, reserved 1048576K
GC Heap History (10 events):
Event: 2.530 GC heap before
{Heap before GC invocations=3 (full 0):
 PSYoungGen      total 141824K, used 141819K [0x000000076b500000, 0x0000000774a00000, 0x00000007c0000000)
  eden space 131072K, 100% used [0x000000076b500000,0x0000000773500000,0x0000000773500000)
  from space 10752K, 99% used [0x0000000773f80000,0x00000007749fef08,0x0000000774a00000)
  to   space 10752K, 0% used [0x0000000773500000,0x0000000773500000,0x0000000773f80000)
 ParOldGen       total 175104K, used 3924K [0x00000006c1e00000, 0x00000006cc900000, 0x000000076b500000)
  object space 175104K, 2% used [0x00000006c1e00000,0x00000006c21d5330,0x00000006cc900000)
 Metaspace       used 13542K, capacity 13762K, committed 14080K, reserved 1062912K
  class space    used 1447K, capacity 1521K, committed 1536K, reserved 1048576K
Event: 2.549 GC heap after
Heap after GC invocations=3 (full 0):
 PSYoungGen      total 141824K, used 10733K [0x000000076b500000, 0x000000077ca00000, 0x00000007c0000000)
  eden space 131072K, 0% used [0x000000076b500000,0x000000076b500000,0x0000000773500000)
  from space 10752K, 99% used [0x0000000773500000,0x0000000773f7b508,0x0000000773f80000)
  to   space 10752K, 0% used [0x000000077bf80000,0x000000077bf80000,0x000000077ca00000)
 ParOldGen       total 175104K, used 9679K [0x00000006c1e00000, 0x00000006cc900000, 0x000000076b500000)
  object space 175104K, 5% used [0x00000006c1e00000,0x00000006c2773fe8,0x00000006cc900000)
 Metaspace       used 13542K, capacity 13762K, committed 14080K, reserved 1062912K
  class space    used 1447K, capacity 1521K, committed 1536K, reserved 1048576K
}
Event: 3.106 GC heap before
{Heap before GC invocations=4 (full 0):
 PSYoungGen      total 141824K, used 141805K [0x000000076b500000, 0x000000077ca00000, 0x00000007c0000000)
  eden space 131072K, 100% used [0x000000076b500000,0x0000000773500000,0x0000000773500000)
  from space 10752K, 99% used [0x0000000773500000,0x0000000773f7b508,0x0000000773f80000)
  to   space 10752K, 0% used [0x000000077bf80000,0x000000077bf80000,0x000000077ca00000)
 ParOldGen       total 175104K, used 9679K [0x00000006c1e00000, 0x00000006cc900000, 0x000000076b500000)
  object space 175104K, 5% used [0x00000006c1e00000,0x00000006c2773fe8,0x00000006cc900000)
 Metaspace       used 13542K, capacity 13762K, committed 14080K, reserved 1062912K
  class space    used 1447K, capacity 1521K, committed 1536K, reserved 1048576K
Event: 3.115 GC heap after
Heap after GC invocations=4 (full 0):
 PSYoungGen      total 272896K, used 9928K [0x000000076b500000, 0x000000077ca00000, 0x00000007c0000000)
  eden space 262144K, 0% used [0x000000076b500000,0x000000076b500000,0x000000077b500000)
  from space 10752K, 92% used [0x000000077bf80000,0x000000077c932030,0x000000077ca00000)
  to   space 10752K, 0% used [0x000000077b500000,0x000000077b500000,0x000000077bf80000)
 ParOldGen       total 175104K, used 9687K [0x00000006c1e00000, 0x00000006cc900000, 0x000000076b500000)
  object space 175104K, 5% used [0x00000006c1e00000,0x00000006c2775fe8,0x00000006cc900000)
 Metaspace       used 13542K, capacity 13762K, committed 14080K, reserved 1062912K
  class space    used 1447K, capacity 1521K, committed 1536K, reserved 1048576K
}
Event: 4.003 GC heap before
{Heap before GC invocations=5 (full 0):
 PSYoungGen      total 272896K, used 272072K [0x000000076b500000, 0x000000077ca00000, 0x00000007c0000000)
  eden space 262144K, 100% used [0x000000076b500000,0x000000077b500000,0x000000077b500000)
  from space 10752K, 92% used [0x000000077bf80000,0x000000077c932030,0x000000077ca00000)
  to   space 10752K, 0% used [0x000000077b500000,0x000000077b500000,0x000000077bf80000)
 ParOldGen       total 175104K, used 9687K [0x00000006c1e00000, 0x00000006cc900000, 0x000000076b500000)
  object space 175104K, 5% used [0x00000006c1e00000,0x00000006c2775fe8,0x00000006cc900000)
 Metaspace       used 13547K, capacity 13762K, committed 14080K, reserved 1062912K
  class space    used 1448K, capacity 1521K, committed 1536K, reserved 1048576K
Event: 4.013 GC heap after
Heap after GC invocations=5 (full 0):
 PSYoungGen      total 272896K, used 10728K [0x000000076b500000, 0x000000078de00000, 0x00000007c0000000)
  eden space 262144K, 0% used [0x000000076b500000,0x000000076b500000,0x000000077b500000)
  from space 10752K, 99% used [0x000000077b500000,0x000000077bf7a030,0x000000077bf80000)
  to   space 20992K, 0% used [0x000000078c980000,0x000000078c980000,0x000000078de00000)
 ParOldGen       total 175104K, used 15992K [0x00000006c1e00000, 0x00000006cc900000, 0x000000076b500000)
  object space 175104K, 9% used [0x00000006c1e00000,0x00000006c2d9e328,0x00000006cc900000)
 Metaspace       used 13547K, capacity 13762K, committed 14080K, reserved 1062912K
  class space    used 1448K, capacity 1521K, committed 1536K, reserved 1048576K
}
Event: 5.030 GC heap before
{Heap before GC invocations=6 (full 0):
 PSYoungGen      total 272896K, used 272872K [0x000000076b500000, 0x000000078de00000, 0x00000007c0000000)
  eden space 262144K, 100% used [0x000000076b500000,0x000000077b500000,0x000000077b500000)
  from space 10752K, 99% used [0x000000077b500000,0x000000077bf7a030,0x000000077bf80000)
  to   space 20992K, 0% used [0x000000078c980000,0x000000078c980000,0x000000078de00000)
 ParOldGen       total 175104K, used 15992K [0x00000006c1e00000, 0x00000006cc900000, 0x000000076b500000)
  object space 175104K, 9% used [0x00000006c1e00000,0x00000006c2d9e328,0x00000006cc900000)
 Metaspace       used 13603K, capacity 13890K, committed 14080K, reserved 1062912K
  class space    used 1451K, capacity 1521K, committed 1536K, reserved 1048576K
Event: 5.065 GC heap after
Heap after GC invocations=6 (full 0):
 PSYoungGen      total 524800K, used 20973K [0x000000076b500000, 0x0000000790600000, 0x00000007c0000000)
  eden space 503808K, 0% used [0x000000076b500000,0x000000076b500000,0x000000078a100000)
  from space 20992K, 99% used [0x000000078c980000,0x000000078ddfb748,0x000000078de00000)
  to   space 41472K, 0% used [0x000000078a100000,0x000000078a100000,0x000000078c980000)
 ParOldGen       total 175104K, used 46345K [0x00000006c1e00000, 0x00000006cc900000, 0x000000076b500000)
  object space 175104K, 26% used [0x00000006c1e00000,0x00000006c4b42478,0x00000006cc900000)
 Metaspace       used 13603K, capacity 13890K, committed 14080K, reserved 1062912K
  class space    used 1451K, capacity 1521K, committed 1536K, reserved 1048576K
}
Event: 6.949 GC heap before
{Heap before GC invocations=7 (full 0):
 PSYoungGen      total 524800K, used 524781K [0x000000076b500000, 0x0000000790600000, 0x00000007c0000000)
  eden space 503808K, 100% used [0x000000076b500000,0x000000078a100000,0x000000078a100000)
  from space 20992K, 99% used [0x000000078c980000,0x000000078ddfb748,0x000000078de00000)
  to   space 41472K, 0% used [0x000000078a100000,0x000000078a100000,0x000000078c980000)
 ParOldGen       total 175104K, used 46345K [0x00000006c1e00000, 0x00000006cc900000, 0x000000076b500000)
  object space 175104K, 26% used [0x00000006c1e00000,0x00000006c4b42478,0x00000006cc900000)
 Metaspace       used 17599K, capacity 17874K, committed 18048K, reserved 1064960K
  class space    used 2002K, capacity 2093K, committed 2176K, reserved 1048576K
Event: 6.988 GC heap after
Heap after GC invocations=7 (full 0):
 PSYoungGen      total 545280K, used 41458K [0x000000076b500000, 0x00000007af700000, 0x00000007c0000000)
  eden space 503808K, 0% used [0x000000076b500000,0x000000076b500000,0x000000078a100000)
  from space 41472K, 99% used [0x000000078a100000,0x000000078c97cb50,0x000000078c980000)
  to   space 54272K, 0% used [0x00000007ac200000,0x00000007ac200000,0x00000007af700000)
 ParOldGen       total 175104K, used 55985K [0x00000006c1e00000, 0x00000006cc900000, 0x000000076b500000)
  object space 175104K, 31% used [0x00000006c1e00000,0x00000006c54ac498,0x00000006cc900000)
 Metaspace       used 17599K, capacity 17874K, committed 18048K, reserved 1064960K
  class space    used 2002K, capacity 2093K, committed 2176K, reserved 1048576K
}

